[debug] [2024-12-07T23:19:47.728Z] ----------------------------------------------------------------------
[debug] [2024-12-07T23:19:47.733Z] Command:       C:\Program Files\nodejs\node.exe C:\Users\Nirto\AppData\Roaming\npm\node_modules\firebase-tools\lib\bin\firebase.js init
[debug] [2024-12-07T23:19:47.734Z] CLI Version:   13.28.0
[debug] [2024-12-07T23:19:47.734Z] Platform:      win32
[debug] [2024-12-07T23:19:47.734Z] Node Version:  v20.17.0
[debug] [2024-12-07T23:19:47.734Z] Time:          Sun Dec 08 2024 02:19:47 GMT+0300 (Arabian Standard Time)
[debug] [2024-12-07T23:19:47.735Z] ----------------------------------------------------------------------
[debug] 
[debug] [2024-12-07T23:19:47.742Z] >>> [apiv2][query] GET https://firebase-public.firebaseio.com/cli.json [none]
[debug] [2024-12-07T23:19:47.959Z] > command requires scopes: ["email","openid","https://www.googleapis.com/auth/cloudplatformprojects.readonly","https://www.googleapis.com/auth/firebase","https://www.googleapis.com/auth/cloud-platform"]
[debug] [2024-12-07T23:19:47.960Z] > authorizing via signed-in user (mikebedy@gmail.com)
[info] 
     ######## #### ########  ######## ########     ###     ######  ########
     ##        ##  ##     ## ##       ##     ##  ##   ##  ##       ##
     ######    ##  ########  ######   ########  #########  ######  ######
     ##        ##  ##    ##  ##       ##     ## ##     ##       ## ##
     ##       #### ##     ## ######## ########  ##     ##  ######  ########

You're about to initialize a Firebase project in this directory:

  C:\Users\Nirto\Desktop\Evangadi\phase 4\New folder

Before we get started, keep in mind:

  * You are initializing within an existing Firebase project directory

[debug] [2024-12-07T23:19:48.869Z] <<< [apiv2][status] GET https://firebase-public.firebaseio.com/cli.json 200
[debug] [2024-12-07T23:19:48.870Z] <<< [apiv2][body] GET https://firebase-public.firebaseio.com/cli.json {"cloudBuildErrorAfter":1594252800000,"cloudBuildWarnAfter":1590019200000,"defaultNode10After":1594252800000,"minVersion":"3.0.5","node8DeploysDisabledAfter":1613390400000,"node8RuntimeDisabledAfter":1615809600000,"node8WarnAfter":1600128000000}
[info] 
=== Project Setup
[info] 
[info] First, let's associate this project directory with a Firebase project.
[info] You can create multiple project aliases by running firebase use --add, 
[info] but for now we'll just set up a default project.
[info] 
[debug] [2024-12-07T23:20:30.428Z] Using project from CLI flag: e-2024
[debug] [2024-12-07T23:20:30.429Z] Checked if tokens are valid: false, expires at: 1733489315613
[debug] [2024-12-07T23:20:30.429Z] Checked if tokens are valid: false, expires at: 1733489315613
[debug] [2024-12-07T23:20:30.430Z] > refreshing access token with scopes: []
[debug] [2024-12-07T23:20:30.431Z] >>> [apiv2][query] POST https://www.googleapis.com/oauth2/v3/token [none]
[debug] [2024-12-07T23:20:30.431Z] >>> [apiv2][body] POST https://www.googleapis.com/oauth2/v3/token [omitted]
[debug] [2024-12-07T23:20:31.133Z] <<< [apiv2][status] POST https://www.googleapis.com/oauth2/v3/token 200
[debug] [2024-12-07T23:20:31.134Z] <<< [apiv2][body] POST https://www.googleapis.com/oauth2/v3/token [omitted]
[debug] [2024-12-07T23:20:31.148Z] >>> [apiv2][query] GET https://firebase.googleapis.com/v1beta1/projects/e-2024 [none]
[debug] [2024-12-07T23:20:32.183Z] <<< [apiv2][status] GET https://firebase.googleapis.com/v1beta1/projects/e-2024 403
[debug] [2024-12-07T23:20:32.183Z] <<< [apiv2][body] GET https://firebase.googleapis.com/v1beta1/projects/e-2024 {"error":{"code":403,"message":"The caller does not have permission","status":"PERMISSION_DENIED"}}
[debug] [2024-12-07T23:20:32.185Z] Request to https://firebase.googleapis.com/v1beta1/projects/e-2024 had HTTP Error: 403, The caller does not have permission
[debug] [2024-12-07T23:20:32.792Z] FirebaseError: Request to https://firebase.googleapis.com/v1beta1/projects/e-2024 had HTTP Error: 403, The caller does not have permission
    at responseToError (C:\Users\Nirto\AppData\Roaming\npm\node_modules\firebase-tools\lib\responseToError.js:52:12)
    at RetryOperation._fn (C:\Users\Nirto\AppData\Roaming\npm\node_modules\firebase-tools\lib\apiv2.js:312:77)
    at process.processTicksAndRejections (node:internal/process/task_queues:95:5)
[error] 
[error] Error: Failed to get Firebase project e-2024. Please make sure the project exists and your account has permission to access it.
[debug] [2024-12-07T23:23:53.794Z] ----------------------------------------------------------------------
[debug] [2024-12-07T23:23:53.798Z] Command:       C:\Program Files\nodejs\node.exe C:\Users\Nirto\AppData\Roaming\npm\node_modules\firebase-tools\lib\bin\firebase.js init
[debug] [2024-12-07T23:23:53.798Z] CLI Version:   13.28.0
[debug] [2024-12-07T23:23:53.799Z] Platform:      win32
[debug] [2024-12-07T23:23:53.799Z] Node Version:  v20.17.0
[debug] [2024-12-07T23:23:53.799Z] Time:          Sun Dec 08 2024 02:23:53 GMT+0300 (Arabian Standard Time)
[debug] [2024-12-07T23:23:53.799Z] ----------------------------------------------------------------------
[debug] 
[debug] [2024-12-07T23:23:53.808Z] > command requires scopes: ["email","openid","https://www.googleapis.com/auth/cloudplatformprojects.readonly","https://www.googleapis.com/auth/firebase","https://www.googleapis.com/auth/cloud-platform"]
[debug] [2024-12-07T23:23:53.809Z] > authorizing via signed-in user (mikebedy@gmail.com)
[info] 
     ######## #### ########  ######## ########     ###     ######  ########
     ##        ##  ##     ## ##       ##     ##  ##   ##  ##       ##
     ######    ##  ########  ######   ########  #########  ######  ######
     ##        ##  ##    ##  ##       ##     ## ##     ##       ## ##
     ##       #### ##     ## ######## ########  ##     ##  ######  ########

You're about to initialize a Firebase project in this directory:

  C:\Users\Nirto\Desktop\Evangadi\phase 4\New folder

[info] 
=== Project Setup
[info] 
[info] First, let's associate this project directory with a Firebase project.
[info] You can create multiple project aliases by running firebase use --add, 
[info] but for now we'll just set up a default project.
[info] 
[debug] [2024-12-07T23:25:40.311Z] Checked if tokens are valid: true, expires at: 1733617230134
[debug] [2024-12-07T23:25:40.311Z] Checked if tokens are valid: true, expires at: 1733617230134
[debug] [2024-12-07T23:25:40.313Z] >>> [apiv2][query] GET https://firebase.googleapis.com/v1beta1/projects pageSize=100
[debug] [2024-12-07T23:25:42.358Z] <<< [apiv2][status] GET https://firebase.googleapis.com/v1beta1/projects 200
[debug] [2024-12-07T23:25:42.358Z] <<< [apiv2][body] GET https://firebase.googleapis.com/v1beta1/projects [omitted]
[info] i  Using project clone-68e92 (amazon clone) 
[info] 
=== Functions Setup
[debug] [2024-12-07T23:25:59.380Z] > command requires scopes: ["email","openid","https://www.googleapis.com/auth/cloudplatformprojects.readonly","https://www.googleapis.com/auth/firebase","https://www.googleapis.com/auth/cloud-platform"]
[debug] [2024-12-07T23:25:59.380Z] > authorizing via signed-in user (mikebedy@gmail.com)
[debug] [2024-12-07T23:25:59.380Z] [iam] checking project clone-68e92 for permissions ["firebase.projects.get"]
[debug] [2024-12-07T23:25:59.381Z] Checked if tokens are valid: true, expires at: 1733617230134
[debug] [2024-12-07T23:25:59.381Z] Checked if tokens are valid: true, expires at: 1733617230134
[debug] [2024-12-07T23:25:59.381Z] >>> [apiv2][query] POST https://cloudresourcemanager.googleapis.com/v1/projects/clone-68e92:testIamPermissions [none]
[debug] [2024-12-07T23:25:59.381Z] >>> [apiv2][(partial)header] POST https://cloudresourcemanager.googleapis.com/v1/projects/clone-68e92:testIamPermissions x-goog-quota-user=projects/clone-68e92
[debug] [2024-12-07T23:25:59.382Z] >>> [apiv2][body] POST https://cloudresourcemanager.googleapis.com/v1/projects/clone-68e92:testIamPermissions {"permissions":["firebase.projects.get"]}
[debug] [2024-12-07T23:26:10.533Z] *** [apiv2] error from fetch(https://cloudresourcemanager.googleapis.com/v1/projects/clone-68e92:testIamPermissions, {"headers":{},"method":"POST","body":"{\"permissions\":[\"firebase.projects.get\"]}"}): FetchError: request to https://cloudresourcemanager.googleapis.com/v1/projects/clone-68e92:testIamPermissions failed, reason: getaddrinfo ENOTFOUND cloudresourcemanager.googleapis.com
[debug] [2024-12-07T23:26:10.533Z] [iam] error while checking permissions, command may fail: Failed to make request to https://cloudresourcemanager.googleapis.com/v1/projects/clone-68e92:testIamPermissions
[debug] [2024-12-07T23:26:10.534Z] Checked if tokens are valid: true, expires at: 1733617230134
[debug] [2024-12-07T23:26:10.534Z] Checked if tokens are valid: true, expires at: 1733617230134
[debug] [2024-12-07T23:26:10.535Z] Checked if tokens are valid: true, expires at: 1733617230134
[debug] [2024-12-07T23:26:10.535Z] Checked if tokens are valid: true, expires at: 1733617230134
[debug] [2024-12-07T23:26:10.535Z] >>> [apiv2][query] GET https://serviceusage.googleapis.com/v1/projects/clone-68e92/services/cloudfunctions.googleapis.com [none]
[debug] [2024-12-07T23:26:10.535Z] >>> [apiv2][(partial)header] GET https://serviceusage.googleapis.com/v1/projects/clone-68e92/services/cloudfunctions.googleapis.com x-goog-quota-user=projects/clone-68e92
[debug] [2024-12-07T23:26:10.538Z] >>> [apiv2][query] GET https://serviceusage.googleapis.com/v1/projects/clone-68e92/services/runtimeconfig.googleapis.com [none]
[debug] [2024-12-07T23:26:10.538Z] >>> [apiv2][(partial)header] GET https://serviceusage.googleapis.com/v1/projects/clone-68e92/services/runtimeconfig.googleapis.com x-goog-quota-user=projects/clone-68e92
[debug] [2024-12-07T23:26:12.553Z] <<< [apiv2][status] GET https://serviceusage.googleapis.com/v1/projects/clone-68e92/services/runtimeconfig.googleapis.com 200
[debug] [2024-12-07T23:26:12.553Z] <<< [apiv2][body] GET https://serviceusage.googleapis.com/v1/projects/clone-68e92/services/runtimeconfig.googleapis.com [omitted]
[debug] [2024-12-07T23:26:12.557Z] <<< [apiv2][status] GET https://serviceusage.googleapis.com/v1/projects/clone-68e92/services/cloudfunctions.googleapis.com 200
[debug] [2024-12-07T23:26:12.557Z] <<< [apiv2][body] GET https://serviceusage.googleapis.com/v1/projects/clone-68e92/services/cloudfunctions.googleapis.com [omitted]
[info] Let's create a new codebase for your functions.
[info] A directory corresponding to the codebase will be created in your project
[info] with sample code pre-configured.

[info] See https://firebase.google.com/docs/functions/organize-functions for
[info] more information on organizing your functions using codebases.

[info] Functions can be deployed with firebase deploy.

[info] +  Wrote functions/package.json 
[info] +  Wrote functions/index.js 
[info] +  Wrote functions/.gitignore 
[info] 
[info] i  Writing configuration info to firebase.json... 
[info] i  Writing project information to .firebaserc... 
[info] 
[info] +  Firebase initialization complete! 
[debug] [2024-12-07T23:28:32.546Z] Error: Timed out.
    at Timeout._onTimeout (C:\Users\Nirto\AppData\Roaming\npm\node_modules\firebase-tools\lib\utils.js:269:49)
    at listOnTimeout (node:internal/timers:581:17)
    at process.processTimers (node:internal/timers:519:7)
[error] 
[error] Error: An unexpected error has occurred.
